{"/Users/rahulsaini/Desktop/assignments/customer-app/src/components/Avatar.tsx": {"path":"/Users/rahulsaini/Desktop/assignments/customer-app/src/components/Avatar.tsx","statementMap":{"0":{"start":{"line":11,"column":15},"end":{"line":19,"column":1}},"1":{"start":{"line":12,"column":2},"end":{"line":18,"column":4}},"2":{"start":{"line":23,"column":15},"end":{"line":36,"column":2}}},"fnMap":{"0":{"name":"(anonymous_0)","decl":{"start":{"line":11,"column":15},"end":{"line":11,"column":16}},"loc":{"start":{"line":11,"column":38},"end":{"line":19,"column":1}},"line":11}},"branchMap":{},"s":{"0":3,"1":8,"2":3},"f":{"0":8},"b":{},"_coverageSchema":"1a1c01bbd47fc00a2c39e90264f33305004495a9","hash":"38be45e32587031ee3329c539cca889b8607b401"}
,"/Users/rahulsaini/Desktop/assignments/customer-app/src/components/ErrorMessage.tsx": {"path":"/Users/rahulsaini/Desktop/assignments/customer-app/src/components/ErrorMessage.tsx","statementMap":{"0":{"start":{"line":10,"column":21},"end":{"line":16,"column":1}},"1":{"start":{"line":11,"column":2},"end":{"line":15,"column":11}},"2":{"start":{"line":20,"column":15},"end":{"line":24,"column":2}}},"fnMap":{"0":{"name":"(anonymous_0)","decl":{"start":{"line":10,"column":21},"end":{"line":10,"column":22}},"loc":{"start":{"line":10,"column":53},"end":{"line":16,"column":1}},"line":10}},"branchMap":{"0":{"loc":{"start":{"line":11,"column":9},"end":{"line":15,"column":10}},"type":"cond-expr","locations":[{"start":{"line":12,"column":4},"end":{"line":14,"column":17}},{"start":{"line":15,"column":6},"end":{"line":15,"column":10}}],"line":11}},"s":{"0":2,"1":10,"2":2},"f":{"0":10},"b":{"0":[1,9]},"_coverageSchema":"1a1c01bbd47fc00a2c39e90264f33305004495a9","hash":"32abfa57c2a8777c430037666318caf3cbe08a75"}
,"/Users/rahulsaini/Desktop/assignments/customer-app/src/components/RadioGroup.tsx": {"path":"/Users/rahulsaini/Desktop/assignments/customer-app/src/components/RadioGroup.tsx","statementMap":{"0":{"start":{"line":22,"column":19},"end":{"line":48,"column":1}},"1":{"start":{"line":23,"column":2},"end":{"line":47,"column":4}},"2":{"start":{"line":26,"column":8},"end":{"line":44,"column":27}},"3":{"start":{"line":34,"column":25},"end":{"line":34,"column":62}},"4":{"start":{"line":52,"column":15},"end":{"line":67,"column":2}}},"fnMap":{"0":{"name":"(anonymous_0)","decl":{"start":{"line":22,"column":19},"end":{"line":22,"column":20}},"loc":{"start":{"line":22,"column":69},"end":{"line":48,"column":1}},"line":22},"1":{"name":"(anonymous_1)","decl":{"start":{"line":25,"column":19},"end":{"line":25,"column":20}},"loc":{"start":{"line":26,"column":8},"end":{"line":44,"column":27}},"line":26},"2":{"name":"(anonymous_2)","decl":{"start":{"line":34,"column":19},"end":{"line":34,"column":20}},"loc":{"start":{"line":34,"column":25},"end":{"line":34,"column":62}},"line":34}},"branchMap":{"0":{"loc":{"start":{"line":30,"column":12},"end":{"line":32,"column":18}},"type":"cond-expr","locations":[{"start":{"line":31,"column":16},"end":{"line":31,"column":59}},{"start":{"line":32,"column":16},"end":{"line":32,"column":18}}],"line":30},"1":{"loc":{"start":{"line":34,"column":25},"end":{"line":34,"column":62}},"type":"binary-expr","locations":[{"start":{"line":34,"column":25},"end":{"line":34,"column":43}},{"start":{"line":34,"column":47},"end":{"line":34,"column":62}}],"line":34},"2":{"loc":{"start":{"line":38,"column":20},"end":{"line":38,"column":79}},"type":"cond-expr","locations":[{"start":{"line":38,"column":41},"end":{"line":38,"column":58}},{"start":{"line":38,"column":61},"end":{"line":38,"column":79}}],"line":38}},"s":{"0":2,"1":10,"2":22,"3":2,"4":2},"f":{"0":10,"1":22,"2":2},"b":{"0":[10,12],"1":[2,2],"2":[10,12]},"_coverageSchema":"1a1c01bbd47fc00a2c39e90264f33305004495a9","hash":"004919cb3f95fcbbba76b4f790526b2cf5e241de"}
,"/Users/rahulsaini/Desktop/assignments/customer-app/src/components/Section.tsx": {"path":"/Users/rahulsaini/Desktop/assignments/customer-app/src/components/Section.tsx","statementMap":{"0":{"start":{"line":15,"column":16},"end":{"line":27,"column":1}},"1":{"start":{"line":16,"column":2},"end":{"line":26,"column":4}},"2":{"start":{"line":31,"column":15},"end":{"line":38,"column":2}}},"fnMap":{"0":{"name":"(anonymous_0)","decl":{"start":{"line":15,"column":16},"end":{"line":15,"column":17}},"loc":{"start":{"line":15,"column":60},"end":{"line":27,"column":1}},"line":15}},"branchMap":{},"s":{"0":2,"1":17,"2":2},"f":{"0":17},"b":{},"_coverageSchema":"1a1c01bbd47fc00a2c39e90264f33305004495a9","hash":"717c3aef491281014a7832fc0c2cde01b0479496"}
,"/Users/rahulsaini/Desktop/assignments/customer-app/src/components/TextInput.tsx": {"path":"/Users/rahulsaini/Desktop/assignments/customer-app/src/components/TextInput.tsx","statementMap":{"0":{"start":{"line":9,"column":19},"end":{"line":13,"column":1}},"1":{"start":{"line":10,"column":2},"end":{"line":12,"column":4}},"2":{"start":{"line":17,"column":15},"end":{"line":27,"column":2}}},"fnMap":{"0":{"name":"(anonymous_0)","decl":{"start":{"line":9,"column":19},"end":{"line":9,"column":20}},"loc":{"start":{"line":9,"column":60},"end":{"line":13,"column":1}},"line":9}},"branchMap":{},"s":{"0":1,"1":8,"2":1},"f":{"0":8},"b":{},"_coverageSchema":"1a1c01bbd47fc00a2c39e90264f33305004495a9","hash":"b95df6644eb52cd99564495a263f4807936f4636"}
,"/Users/rahulsaini/Desktop/assignments/customer-app/src/components/Typography.tsx": {"path":"/Users/rahulsaini/Desktop/assignments/customer-app/src/components/Typography.tsx","statementMap":{"0":{"start":{"line":11,"column":19},"end":{"line":18,"column":1}},"1":{"start":{"line":16,"column":35},"end":{"line":16,"column":65}},"2":{"start":{"line":17,"column":2},"end":{"line":17,"column":75}},"3":{"start":{"line":20,"column":0},"end":{"line":20,"column":44}}},"fnMap":{"0":{"name":"(anonymous_0)","decl":{"start":{"line":11,"column":19},"end":{"line":11,"column":20}},"loc":{"start":{"line":15,"column":19},"end":{"line":18,"column":1}},"line":15}},"branchMap":{"0":{"loc":{"start":{"line":13,"column":2},"end":{"line":13,"column":38}},"type":"default-arg","locations":[{"start":{"line":13,"column":12},"end":{"line":13,"column":38}}],"line":13}},"s":{"0":7,"1":66,"2":66,"3":7},"f":{"0":66},"b":{"0":[34]},"_coverageSchema":"1a1c01bbd47fc00a2c39e90264f33305004495a9","hash":"bf75ebe31e40e6f8f944354aca1ea1d7cd0c8ffd"}
,"/Users/rahulsaini/Desktop/assignments/customer-app/src/components/UserItem.tsx": {"path":"/Users/rahulsaini/Desktop/assignments/customer-app/src/components/UserItem.tsx","statementMap":{"0":{"start":{"line":16,"column":17},"end":{"line":26,"column":1}},"1":{"start":{"line":17,"column":2},"end":{"line":25,"column":4}},"2":{"start":{"line":30,"column":15},"end":{"line":42,"column":2}}},"fnMap":{"0":{"name":"(anonymous_0)","decl":{"start":{"line":16,"column":17},"end":{"line":16,"column":18}},"loc":{"start":{"line":16,"column":48},"end":{"line":26,"column":1}},"line":16}},"branchMap":{"0":{"loc":{"start":{"line":19,"column":20},"end":{"line":19,"column":30}},"type":"binary-expr","locations":[{"start":{"line":19,"column":20},"end":{"line":19,"column":24}},{"start":{"line":19,"column":28},"end":{"line":19,"column":30}}],"line":19}},"s":{"0":2,"1":6,"2":2},"f":{"0":6},"b":{"0":[6,0]},"_coverageSchema":"1a1c01bbd47fc00a2c39e90264f33305004495a9","hash":"9216ae7d7031eebb21ab50be437515d14c707d9a"}
,"/Users/rahulsaini/Desktop/assignments/customer-app/src/components/index.ts": {"path":"/Users/rahulsaini/Desktop/assignments/customer-app/src/components/index.ts","statementMap":{},"fnMap":{},"branchMap":{},"s":{},"f":{},"b":{},"_coverageSchema":"1a1c01bbd47fc00a2c39e90264f33305004495a9","hash":"22ccdec55894fc99bdc7e674c46dce3b52456c4a"}
,"/Users/rahulsaini/Desktop/assignments/customer-app/src/pages/home/Home.tsx": {"path":"/Users/rahulsaini/Desktop/assignments/customer-app/src/pages/home/Home.tsx","statementMap":{"0":{"start":{"line":19,"column":14},"end":{"line":28,"column":1}},"1":{"start":{"line":31,"column":26},"end":{"line":31,"column":50}},"2":{"start":{"line":32,"column":40},"end":{"line":32,"column":52}},"3":{"start":{"line":33,"column":40},"end":{"line":33,"column":55}},"4":{"start":{"line":39,"column":6},"end":{"line":44,"column":4}},"5":{"start":{"line":46,"column":2},"end":{"line":49,"column":16}},"6":{"start":{"line":48,"column":4},"end":{"line":48,"column":41}},"7":{"start":{"line":48,"column":18},"end":{"line":48,"column":41}},"8":{"start":{"line":51,"column":23},"end":{"line":54,"column":3}},"9":{"start":{"line":52,"column":4},"end":{"line":52,"column":23}},"10":{"start":{"line":53,"column":4},"end":{"line":53,"column":18}},"11":{"start":{"line":56,"column":2},"end":{"line":88,"column":4}},"12":{"start":{"line":66,"column":12},"end":{"line":66,"column":33}},"13":{"start":{"line":73,"column":12},"end":{"line":73,"column":32}},"14":{"start":{"line":74,"column":12},"end":{"line":74,"column":22}},"15":{"start":{"line":83,"column":12},"end":{"line":83,"column":60}},"16":{"start":{"line":91,"column":15},"end":{"line":116,"column":2}}},"fnMap":{"0":{"name":"App","decl":{"start":{"line":30,"column":24},"end":{"line":30,"column":27}},"loc":{"start":{"line":30,"column":30},"end":{"line":89,"column":1}},"line":30},"1":{"name":"(anonymous_1)","decl":{"start":{"line":46,"column":12},"end":{"line":46,"column":13}},"loc":{"start":{"line":46,"column":18},"end":{"line":49,"column":3}},"line":46},"2":{"name":"(anonymous_2)","decl":{"start":{"line":51,"column":23},"end":{"line":51,"column":24}},"loc":{"start":{"line":51,"column":41},"end":{"line":54,"column":3}},"line":51},"3":{"name":"(anonymous_3)","decl":{"start":{"line":65,"column":24},"end":{"line":65,"column":25}},"loc":{"start":{"line":65,"column":42},"end":{"line":67,"column":11}},"line":65},"4":{"name":"(anonymous_4)","decl":{"start":{"line":72,"column":21},"end":{"line":72,"column":22}},"loc":{"start":{"line":72,"column":27},"end":{"line":75,"column":11}},"line":72},"5":{"name":"(anonymous_5)","decl":{"start":{"line":82,"column":22},"end":{"line":82,"column":23}},"loc":{"start":{"line":83,"column":12},"end":{"line":83,"column":60}},"line":83}},"branchMap":{"0":{"loc":{"start":{"line":48,"column":4},"end":{"line":48,"column":41}},"type":"if","locations":[{"start":{"line":48,"column":4},"end":{"line":48,"column":41}},{"start":{},"end":{}}],"line":48}},"s":{"0":1,"1":10,"2":10,"3":10,"4":10,"5":10,"6":6,"7":3,"8":10,"9":1,"10":1,"11":10,"12":1,"13":0,"14":0,"15":5,"16":1},"f":{"0":10,"1":6,"2":1,"3":1,"4":0,"5":5},"b":{"0":[3,3]},"_coverageSchema":"1a1c01bbd47fc00a2c39e90264f33305004495a9","hash":"7fd168f022c61c37eec1c86e801ad4aa611fce9e"}
,"/Users/rahulsaini/Desktop/assignments/customer-app/src/theme/defaults.ts": {"path":"/Users/rahulsaini/Desktop/assignments/customer-app/src/theme/defaults.ts","statementMap":{"0":{"start":{"line":7,"column":15},"end":{"line":15,"column":1}},"1":{"start":{"line":31,"column":56},"end":{"line":57,"column":1}},"2":{"start":{"line":59,"column":15},"end":{"line":62,"column":1}}},"fnMap":{},"branchMap":{},"s":{"0":7,"1":7,"2":7},"f":{},"b":{},"_coverageSchema":"1a1c01bbd47fc00a2c39e90264f33305004495a9","hash":"582194e296e6df939364bf11f2f2ffafac1bc105"}
,"/Users/rahulsaini/Desktop/assignments/customer-app/src/theme/index.ts": {"path":"/Users/rahulsaini/Desktop/assignments/customer-app/src/theme/index.ts","statementMap":{},"fnMap":{},"branchMap":{},"s":{},"f":{},"b":{},"_coverageSchema":"1a1c01bbd47fc00a2c39e90264f33305004495a9","hash":"e7db60cdabd6c2bec02be342d30466adfab20733"}
}
