TN:
SF:src/components/Avatar.tsx
FN:11,(anonymous_0)
FNF:1
FNH:1
FNDA:8,(anonymous_0)
DA:11,3
DA:12,8
DA:23,3
LF:3
LH:3
BRF:0
BRH:0
end_of_record
TN:
SF:src/components/ErrorMessage.tsx
FN:10,(anonymous_0)
FNF:1
FNH:1
FNDA:10,(anonymous_0)
DA:10,2
DA:11,10
DA:20,2
LF:3
LH:3
BRDA:11,0,0,1
BRDA:11,0,1,9
BRF:2
BRH:2
end_of_record
TN:
SF:src/components/RadioGroup.tsx
FN:22,(anonymous_0)
FN:25,(anonymous_1)
FN:34,(anonymous_2)
FNF:3
FNH:3
FNDA:10,(anonymous_0)
FNDA:22,(anonymous_1)
FNDA:2,(anonymous_2)
DA:22,2
DA:23,10
DA:26,22
DA:34,2
DA:52,2
LF:5
LH:5
BRDA:30,0,0,10
BRDA:30,0,1,12
BRDA:34,1,0,2
BRDA:34,1,1,2
BRDA:38,2,0,10
BRDA:38,2,1,12
BRF:6
BRH:6
end_of_record
TN:
SF:src/components/Section.tsx
FN:15,(anonymous_0)
FNF:1
FNH:1
FNDA:17,(anonymous_0)
DA:15,2
DA:16,17
DA:31,2
LF:3
LH:3
BRF:0
BRH:0
end_of_record
TN:
SF:src/components/TextInput.tsx
FN:9,(anonymous_0)
FNF:1
FNH:1
FNDA:8,(anonymous_0)
DA:9,1
DA:10,8
DA:17,1
LF:3
LH:3
BRF:0
BRH:0
end_of_record
TN:
SF:src/components/Typography.tsx
FN:11,(anonymous_0)
FNF:1
FNH:1
FNDA:66,(anonymous_0)
DA:11,7
DA:16,66
DA:17,66
DA:20,7
LF:4
LH:4
BRDA:13,0,0,34
BRF:1
BRH:1
end_of_record
TN:
SF:src/components/UserItem.tsx
FN:16,(anonymous_0)
FNF:1
FNH:1
FNDA:6,(anonymous_0)
DA:16,2
DA:17,6
DA:30,2
LF:3
LH:3
BRDA:19,0,0,6
BRDA:19,0,1,0
BRF:2
BRH:1
end_of_record
TN:
SF:src/components/index.ts
FNF:0
FNH:0
LF:0
LH:0
BRF:0
BRH:0
end_of_record
TN:
SF:src/pages/home/Home.tsx
FN:30,App
FN:46,(anonymous_1)
FN:51,(anonymous_2)
FN:65,(anonymous_3)
FN:72,(anonymous_4)
FN:82,(anonymous_5)
FNF:6
FNH:5
FNDA:10,App
FNDA:6,(anonymous_1)
FNDA:1,(anonymous_2)
FNDA:1,(anonymous_3)
FNDA:0,(anonymous_4)
FNDA:5,(anonymous_5)
DA:19,1
DA:31,10
DA:32,10
DA:33,10
DA:39,10
DA:46,10
DA:48,6
DA:51,10
DA:52,1
DA:53,1
DA:56,10
DA:66,1
DA:73,0
DA:74,0
DA:83,5
DA:91,1
LF:16
LH:14
BRDA:48,0,0,3
BRDA:48,0,1,3
BRF:2
BRH:2
end_of_record
TN:
SF:src/theme/defaults.ts
FNF:0
FNH:0
DA:7,7
DA:31,7
DA:59,7
LF:3
LH:3
BRF:0
BRH:0
end_of_record
TN:
SF:src/theme/index.ts
FNF:0
FNH:0
LF:0
LH:0
BRF:0
BRH:0
end_of_record
